#
# There is insufficient memory for the Java Runtime Environment to continue.
# Native memory allocation (mmap) failed to map 30408704 bytes for committing reserved memory.
# Possible reasons:
#   The system is out of physical RAM or swap space
#   In 32 bit mode, the process size limit was hit
# Possible solutions:
#   Reduce memory load on the system
#   Increase physical memory or swap space
#   Check if swap backing store is full
#   Use 64 bit Java on a 64 bit OS
#   Decrease Java heap size (-Xmx/-Xms)
#   Decrease number of Java threads
#   Decrease Java thread stack sizes (-Xss)
#   Set larger code cache with -XX:ReservedCodeCacheSize=
# This output file may be truncated or incomplete.
#
#  Out of Memory Error (os_linux.cpp:2627), pid=2459, tid=0x00007f35e35f5700
#
# JRE version: OpenJDK Runtime Environment (8.0_76-b03) (build 1.8.0_76-release-b03)
# Java VM: OpenJDK 64-Bit Server VM (25.76-b03 mixed mode linux-amd64 compressed oops)
# Failed to write core dump. Core dumps have been disabled. To enable core dumping, try "ulimit -c unlimited" before starting Java again
#

---------------  T H R E A D  ---------------

Current thread (0x00007f35f8077800):  VMThread [stack: 0x00007f35e34f5000,0x00007f35e35f6000] [id=2503]

Stack: [0x00007f35e34f5000,0x00007f35e35f6000],  sp=0x00007f35e35f44d0,  free space=1021k
Native frames: (J=compiled Java code, j=interpreted, Vv=VM code, C=native code)
V  [libjvm.so+0x9d9fcd]  VMError::report_and_die()+0x15d
V  [libjvm.so+0x4b4d4a]  report_vm_out_of_memory(char const*, int, unsigned long, VMErrorType, char const*)+0x8a
V  [libjvm.so+0x845190]  os::pd_commit_memory(char*, unsigned long, unsigned long, bool)+0xf0
V  [libjvm.so+0x83fcbf]  os::commit_memory(char*, unsigned long, unsigned long, bool)+0x1f
V  [libjvm.so+0x8b4d9b]  PSVirtualSpace::expand_by(unsigned long)+0x5b
V  [libjvm.so+0x8a5b7b]  PSOldGen::expand_by(unsigned long) [clone .part.109]+0x1b
V  [libjvm.so+0x8a5d3b]  PSOldGen::expand(unsigned long) [clone .part.111]+0xdb
V  [libjvm.so+0x8a6618]  PSOldGen::resize(unsigned long)+0x188
V  [libjvm.so+0x8abc2c]  PSParallelCompact::invoke_no_policy(bool)+0x97c
V  [libjvm.so+0x8b2d3d]  PSScavenge::invoke()+0x17d
V  [libjvm.so+0x8681f3]  ParallelScavengeHeap::failed_mem_allocate(unsigned long)+0x63
V  [libjvm.so+0x9dba94]  VM_ParallelGCFailedAllocation::doit()+0x84
V  [libjvm.so+0x9dfe47]  VM_Operation::evaluate()+0x47
V  [libjvm.so+0x9de908]  VMThread::evaluate_operation(VM_Operation*)+0x2c8
V  [libjvm.so+0x9ded89]  VMThread::loop()+0x219
V  [libjvm.so+0x9df1d2]  VMThread::run()+0x72
V  [libjvm.so+0x8425b2]  java_start(Thread*)+0xf2

VM_Operation (0x00007f3601c3f4a0): ParallelGCFailedAllocation, mode: safepoint, requested by thread 0x00007f35f800a000


---------------  P R O C E S S  ---------------

Java Threads: ( => current thread )
  0x00007f35f8163800 JavaThread "pool-2-thread-4" [_thread_blocked, id=2571, stack(0x00007f35e1e29000,0x00007f35e1f2a000)]
  0x00007f35f8162000 JavaThread "pool-2-thread-3" [_thread_blocked, id=2570, stack(0x00007f35e1f2a000,0x00007f35e202b000)]
  0x00007f35f8161000 JavaThread "pool-2-thread-2" [_thread_blocked, id=2569, stack(0x00007f35e202b000,0x00007f35e212c000)]
  0x00007f35f815e000 JavaThread "pool-3-thread-1" [_thread_blocked, id=2557, stack(0x00007f35e212c000,0x00007f35e222d000)]
  0x00007f35f815c000 JavaThread "pool-2-thread-1" [_thread_blocked, id=2556, stack(0x00007f35e222d000,0x00007f35e232e000)]
  0x00007f35f80e2000 JavaThread "Service Thread" daemon [_thread_blocked, id=2533, stack(0x00007f35e242f000,0x00007f35e2530000)]
  0x00007f35f80bd000 JavaThread "C1 CompilerThread2" daemon [_thread_blocked, id=2528, stack(0x00007f35e2530000,0x00007f35e2631000)]
  0x00007f35f80bb000 JavaThread "C2 CompilerThread1" daemon [_thread_blocked, id=2524, stack(0x00007f35e2631000,0x00007f35e2732000)]
  0x00007f35f80b8800 JavaThread "C2 CompilerThread0" daemon [_thread_blocked, id=2519, stack(0x00007f35e2732000,0x00007f35e2833000)]
  0x00007f35f80b7000 JavaThread "Signal Dispatcher" daemon [_thread_blocked, id=2515, stack(0x00007f35e2833000,0x00007f35e2934000)]
  0x00007f35f8083800 JavaThread "Finalizer" daemon [_thread_blocked, id=2512, stack(0x00007f35e32f3000,0x00007f35e33f4000)]
  0x00007f35f807f000 JavaThread "Reference Handler" daemon [_thread_blocked, id=2507, stack(0x00007f35e33f4000,0x00007f35e34f5000)]
  0x00007f35f800a000 JavaThread "main" [_thread_blocked, id=2482, stack(0x00007f3601b41000,0x00007f3601c42000)]

Other Threads:
=>0x00007f35f8077800 VMThread [stack: 0x00007f35e34f5000,0x00007f35e35f6000] [id=2503]
  0x00007f35f80e5000 WatcherThread [stack: 0x00007f35e232e000,0x00007f35e242f000] [id=2536]

VM state:at safepoint (normal execution)

VM Mutex/Monitor currently owned by a thread:  ([mutex/lock_event])
[0x00007f35f8005f80] ExpandHeap_lock - owner thread: 0x00007f35f8077800
[0x00007f35f8006600] Threads_lock - owner thread: 0x00007f35f8077800
[0x00007f35f8006b00] Heap_lock - owner thread: 0x00007f35f800a000

Heap:
 PSYoungGen      total 140288K, used 8646K [0x00000000eab00000, 0x00000000f9f00000, 0x0000000100000000)
  eden space 120832K, 0% used [0x00000000eab00000,0x00000000eab00000,0x00000000f2100000)
  from space 19456K, 44% used [0x00000000f2100000,0x00000000f29718e8,0x00000000f3400000)
  to   space 28160K, 0% used [0x00000000f8380000,0x00000000f8380000,0x00000000f9f00000)
 ParOldGen       total 42496K, used 42442K [0x00000000c0000000, 0x00000000c2980000, 0x00000000eab00000)
  object space 42496K, 99% used [0x00000000c0000000,0x00000000c29728b8,0x00000000c2980000)
 Metaspace       used 6272K, capacity 7152K, committed 7296K, reserved 1056768K
  class space    used 574K, capacity 616K, committed 640K, reserved 1048576K

Card table byte_map: [0x00007f35fe7de000,0x00007f35fe9df000] byte_map_base: 0x00007f35fe1de000

Marking Bits: (ParMarkBitMap*) 0x00007f36010101a0
 Begin Bits: [0x00007f35fc284000, 0x00007f35fd284000)
 End Bits:   [0x00007f35fd284000, 0x00007f35fe284000)

Polling page: 0x00007f3601c60000

CodeCache: size=245760Kb used=7163Kb max_used=7163Kb free=238596Kb
 bounds [0x00007f35e9000000, 0x00007f35e9710000, 0x00007f35f8000000]
 total_blobs=2257 nmethods=1989 adapters=182
 compilation: enabled

Compilation events (10 events):
Event: 102.838 Thread 0x00007f35f80bd000 2205       3       com.android.dx.ssa.back.SsaToRop::moveParametersToHighRegisters (88 bytes)
Event: 102.839 Thread 0x00007f35f80bd000 nmethod 2205 0x00007f35e96ed490 code [0x00007f35e96ed660, 0x00007f35e96edf38]
Event: 102.876 Thread 0x00007f35f80bd000 2206       2       com.android.dx.rop.code.SwitchInsn::accept (8 bytes)
Event: 102.876 Thread 0x00007f35f80bd000 nmethod 2206 0x00007f35e96ed110 code [0x00007f35e96ed280, 0x00007f35e96ed408]
Event: 102.934 Thread 0x00007f35f80bd000 2207       3       com.android.dx.ssa.PhiInsn::getSources (95 bytes)
Event: 102.935 Thread 0x00007f35f80bd000 nmethod 2207 0x00007f35e96eb210 code [0x00007f35e96eb480, 0x00007f35e96ec498]
Event: 103.038 Thread 0x00007f35f80bd000 2208 %     3       com.android.dx.ssa.SsaBasicBlock::replaceSuccessor @ 37 (125 bytes)
Event: 103.039 Thread 0x00007f35f80bd000 nmethod 2208% 0x00007f35e9701290 code [0x00007f35e9701520, 0x00007f35e9702458]
Event: 103.039 Thread 0x00007f35f80bd000 2210       3       com.android.dx.ssa.SsaBasicBlock::replaceSuccessor (125 bytes)
Event: 103.040 Thread 0x00007f35f80bd000 nmethod 2210 0x00007f35e9702e10 code [0x00007f35e97030a0, 0x00007f35e9703ef8]

GC Heap History (10 events):
Event: 96.541 GC heap after
Heap after GC invocations=5 (full 0):
 PSYoungGen      total 34304K, used 2553K [0x00000000eab00000, 0x00000000efb00000, 0x0000000100000000)
  eden space 31744K, 0% used [0x00000000eab00000,0x00000000eab00000,0x00000000eca00000)
  from space 2560K, 99% used [0x00000000eca00000,0x00000000ecc7e690,0x00000000ecc80000)
  to   space 9216K, 0% used [0x00000000ef200000,0x00000000ef200000,0x00000000efb00000)
 ParOldGen       total 42496K, used 13368K [0x00000000c0000000, 0x00000000c2980000, 0x00000000eab00000)
  object space 42496K, 31% used [0x00000000c0000000,0x00000000c0d0e3d8,0x00000000c2980000)
 Metaspace       used 5906K, capacity 6960K, committed 7040K, reserved 1056768K
  class space    used 574K, capacity 616K, committed 640K, reserved 1048576K
}
Event: 97.078 GC heap before
{Heap before GC invocations=6 (full 0):
 PSYoungGen      total 34304K, used 34297K [0x00000000eab00000, 0x00000000efb00000, 0x0000000100000000)
  eden space 31744K, 100% used [0x00000000eab00000,0x00000000eca00000,0x00000000eca00000)
  from space 2560K, 99% used [0x00000000eca00000,0x00000000ecc7e690,0x00000000ecc80000)
  to   space 9216K, 0% used [0x00000000ef200000,0x00000000ef200000,0x00000000efb00000)
 ParOldGen       total 42496K, used 13368K [0x00000000c0000000, 0x00000000c2980000, 0x00000000eab00000)
  object space 42496K, 31% used [0x00000000c0000000,0x00000000c0d0e3d8,0x00000000c2980000)
 Metaspace       used 5933K, capacity 6960K, committed 7040K, reserved 1056768K
  class space    used 574K, capacity 616K, committed 640K, reserved 1048576K
Event: 97.126 GC heap after
Heap after GC invocations=6 (full 0):
 PSYoungGen      total 71680K, used 7897K [0x00000000eab00000, 0x00000000efd00000, 0x0000000100000000)
  eden space 62464K, 0% used [0x00000000eab00000,0x00000000eab00000,0x00000000ee800000)
  from space 9216K, 85% used [0x00000000ef200000,0x00000000ef9b66a0,0x00000000efb00000)
  to   space 10240K, 0% used [0x00000000ee800000,0x00000000ee800000,0x00000000ef200000)
 ParOldGen       total 42496K, used 13368K [0x00000000c0000000, 0x00000000c2980000, 0x00000000eab00000)
  object space 42496K, 31% used [0x00000000c0000000,0x00000000c0d0e3d8,0x00000000c2980000)
 Metaspace       used 5933K, capacity 6960K, committed 7040K, reserved 1056768K
  class space    used 574K, capacity 616K, committed 640K, reserved 1048576K
}
Event: 100.666 GC heap before
{Heap before GC invocations=7 (full 0):
 PSYoungGen      total 71680K, used 70361K [0x00000000eab00000, 0x00000000efd00000, 0x0000000100000000)
  eden space 62464K, 100% used [0x00000000eab00000,0x00000000ee800000,0x00000000ee800000)
  from space 9216K, 85% used [0x00000000ef200000,0x00000000ef9b66a0,0x00000000efb00000)
  to   space 10240K, 0% used [0x00000000ee800000,0x00000000ee800000,0x00000000ef200000)
 ParOldGen       total 42496K, used 13368K [0x00000000c0000000, 0x00000000c2980000, 0x00000000eab00000)
  object space 42496K, 31% used [0x00000000c0000000,0x00000000c0d0e3d8,0x00000000c2980000)
 Metaspace       used 6099K, capacity 7088K, committed 7296K, reserved 1056768K
  class space    used 574K, capacity 616K, committed 640K, reserved 1048576K
Event: 100.708 GC heap after
Heap after GC invocations=7 (full 0):
 PSYoungGen      total 72704K, used 10224K [0x00000000eab00000, 0x00000000f4300000, 0x0000000100000000)
  eden space 62464K, 0% used [0x00000000eab00000,0x00000000eab00000,0x00000000ee800000)
  from space 10240K, 99% used [0x00000000ee800000,0x00000000ef1fc020,0x00000000ef200000)
  to   space 15360K, 0% used [0x00000000f3400000,0x00000000f3400000,0x00000000f4300000)
 ParOldGen       total 42496K, used 20341K [0x00000000c0000000, 0x00000000c2980000, 0x00000000eab00000)
  object space 42496K, 47% used [0x00000000c0000000,0x00000000c13dd6a8,0x00000000c2980000)
 Metaspace       used 6099K, capacity 7088K, committed 7296K, reserved 1056768K
  class space    used 574K, capacity 616K, committed 640K, reserved 1048576K
}
Event: 101.041 GC heap before
{Heap before GC invocations=8 (full 0):
 PSYoungGen      total 72704K, used 72688K [0x00000000eab00000, 0x00000000f4300000, 0x0000000100000000)
  eden space 62464K, 100% used [0x00000000eab00000,0x00000000ee800000,0x00000000ee800000)
  from space 10240K, 99% used [0x00000000ee800000,0x00000000ef1fc020,0x00000000ef200000)
  to   space 15360K, 0% used [0x00000000f3400000,0x00000000f3400000,0x00000000f4300000)
 ParOldGen       total 42496K, used 20341K [0x00000000c0000000, 0x00000000c2980000, 0x00000000eab00000)
  object space 42496K, 47% used [0x00000000c0000000,0x00000000c13dd6a8,0x00000000c2980000)
 Metaspace       used 6172K, capacity 7152K, committed 7296K, reserved 1056768K
  class space    used 574K, capacity 616K, committed 640K, reserved 1048576K
Event: 101.196 GC heap after
Heap after GC invocations=8 (full 0):
 PSYoungGen      total 136192K, used 15347K [0x00000000eab00000, 0x00000000f4b00000, 0x0000000100000000)
  eden space 120832K, 0% used [0x00000000eab00000,0x00000000eab00000,0x00000000f2100000)
  from space 15360K, 99% used [0x00000000f3400000,0x00000000f42fcd48,0x00000000f4300000)
  to   space 19456K, 0% used [0x00000000f2100000,0x00000000f2100000,0x00000000f3400000)
 ParOldGen       total 42496K, used 24138K [0x00000000c0000000, 0x00000000c2980000, 0x00000000eab00000)
  object space 42496K, 56% used [0x00000000c0000000,0x00000000c1792968,0x00000000c2980000)
 Metaspace       used 6172K, capacity 7152K, committed 7296K, reserved 1056768K
  class space    used 574K, capacity 616K, committed 640K, reserved 1048576K
}
Event: 103.205 GC heap before
{Heap before GC invocations=9 (full 0):
 PSYoungGen      total 136192K, used 136179K [0x00000000eab00000, 0x00000000f4b00000, 0x0000000100000000)
  eden space 120832K, 100% used [0x00000000eab00000,0x00000000f2100000,0x00000000f2100000)
  from space 15360K, 99% used [0x00000000f3400000,0x00000000f42fcd48,0x00000000f4300000)
  to   space 19456K, 0% used [0x00000000f2100000,0x00000000f2100000,0x00000000f3400000)
 ParOldGen       total 42496K, used 24138K [0x00000000c0000000, 0x00000000c2980000, 0x00000000eab00000)
  object space 42496K, 56% used [0x00000000c0000000,0x00000000c1792968,0x00000000c2980000)
 Metaspace       used 6272K, capacity 7152K, committed 7296K, reserved 1056768K
  class space    used 574K, capacity 616K, committed 640K, reserved 1048576K
Event: 103.524 GC heap after
Heap after GC invocations=9 (full 0):
 PSYoungGen      total 140288K, used 19442K [0x00000000eab00000, 0x00000000f9f00000, 0x0000000100000000)
  eden space 120832K, 0% used [0x00000000eab00000,0x00000000eab00000,0x00000000f2100000)
  from space 19456K, 99% used [0x00000000f2100000,0x00000000f33fca70,0x00000000f3400000)
  to   space 28160K, 0% used [0x00000000f8380000,0x00000000f8380000,0x00000000f9f00000)
 ParOldGen       total 42496K, used 36933K [0x00000000c0000000, 0x00000000c2980000, 0x00000000eab00000)
  object space 42496K, 86% used [0x00000000c0000000,0x00000000c2411720,0x00000000c2980000)
 Metaspace       used 6272K, capacity 7152K, committed 7296K, reserved 1056768K
  class space    used 574K, capacity 616K, committed 640K, reserved 1048576K
}
Event: 103.524 GC heap before
{Heap before GC invocations=10 (full 1):
 PSYoungGen      total 140288K, used 19442K [0x00000000eab00000, 0x00000000f9f00000, 0x0000000100000000)
  eden space 120832K, 0% used [0x00000000eab00000,0x00000000eab00000,0x00000000f2100000)
  from space 19456K, 99% used [0x00000000f2100000,0x00000000f33fca70,0x00000000f3400000)
  to   space 28160K, 0% used [0x00000000f8380000,0x00000000f8380000,0x00000000f9f00000)
 ParOldGen       total 42496K, used 36933K [0x00000000c0000000, 0x00000000c2980000, 0x00000000eab00000)
  object space 42496K, 86% used [0x00000000c0000000,0x00000000c2411720,0x00000000c2980000)
 Metaspace       used 6272K, capacity 7152K, committed 7296K, reserved 1056768K
  class space    used 574K, capacity 616K, committed 640K, reserved 1048576K

Deoptimization events (10 events):
Event: 97.945 Thread 0x00007f35f800a000 Uncommon trap: reason=bimorphic action=maybe_recompile pc=0x00007f35e94b1eac method=java.util.HashMap.putVal(ILjava/lang/Object;Ljava/lang/Object;ZZ)Ljava/lang/Object; @ 203
Event: 100.993 Thread 0x00007f35f8162000 Uncommon trap: reason=unstable_if action=reinterpret pc=0x00007f35e954b3c0 method=com.android.dx.ssa.MoveParamCombiner$1.visitNonMoveInsn(Lcom/android/dx/ssa/NormalSsaInsn;)V @ 27
Event: 102.539 Thread 0x00007f35f8161000 Uncommon trap: reason=bimorphic action=maybe_recompile pc=0x00007f35e96b2930 method=com.android.dx.cf.code.BytecodeArray.parseInstruction(ILcom/android/dx/cf/code/BytecodeArray$Visitor;)I @ 1161
Event: 102.539 Thread 0x00007f35f8161000 Uncommon trap: reason=bimorphic action=maybe_recompile pc=0x00007f35e96b273c method=com.android.dx.cf.code.BytecodeArray.parseInstruction(ILcom/android/dx/cf/code/BytecodeArray$Visitor;)I @ 1035
Event: 102.539 Thread 0x00007f35f8161000 Uncommon trap: reason=bimorphic action=maybe_recompile pc=0x00007f35e96b2584 method=com.android.dx.cf.code.BytecodeArray.parseInstruction(ILcom/android/dx/cf/code/BytecodeArray$Visitor;)I @ 971
Event: 102.539 Thread 0x00007f35f8161000 Uncommon trap: reason=bimorphic action=maybe_recompile pc=0x00007f35e96b2608 method=com.android.dx.cf.code.BytecodeArray.parseInstruction(ILcom/android/dx/cf/code/BytecodeArray$Visitor;)I @ 987
Event: 102.539 Thread 0x00007f35f8161000 Uncommon trap: reason=bimorphic action=maybe_recompile pc=0x00007f35e96b2930 method=com.android.dx.cf.code.BytecodeArray.parseInstruction(ILcom/android/dx/cf/code/BytecodeArray$Visitor;)I @ 1161
Event: 102.612 Thread 0x00007f35f815c000 Uncommon trap: reason=bimorphic action=maybe_recompile pc=0x00007f35e94b1eac method=java.util.HashMap.putVal(ILjava/lang/Object;Ljava/lang/Object;ZZ)Ljava/lang/Object; @ 203
Event: 102.612 Thread 0x00007f35f815c000 Uncommon trap: reason=bimorphic action=maybe_recompile pc=0x00007f35e94b1eac method=java.util.HashMap.putVal(ILjava/lang/Object;Ljava/lang/Object;ZZ)Ljava/lang/Object; @ 203
Event: 102.612 Thread 0x00007f35f815c000 Uncommon trap: reason=bimorphic action=maybe_recompile pc=0x00007f35e94b1eac method=java.util.HashMap.putVal(ILjava/lang/Object;Ljava/lang/Object;ZZ)Ljava/lang/Object; @ 203

Internal exceptions (3 events):
Event: 0.194 Thread 0x00007f35f800a000 Exception <a 'java/lang/NoSuchMethodError': Method sun.misc.Unsafe.defineClass(Ljava/lang/String;[BII)Ljava/lang/Class; name or signature does not match> (0x00000000eab07cc0) thrown at [/ssd/Android/AOSP-openjdk/external/jetbrains/jdk/hotspot/src/share/vm
Event: 0.194 Thread 0x00007f35f800a000 Exception <a 'java/lang/NoSuchMethodError': Method sun.misc.Unsafe.prefetchRead(Ljava/lang/Object;J)V name or signature does not match> (0x00000000eab07fa8) thrown at [/ssd/Android/AOSP-openjdk/external/jetbrains/jdk/hotspot/src/share/vm/prims/jni.cpp, li
Event: 94.040 Thread 0x00007f35f8162000 Implicit null exception at 0x00007f35e9259fa2 to 0x00007f35e925a0ad

Events (10 events):
Event: 102.853 Thread 0x00007f35f8163800 DEOPT UNPACKING pc=0x00007f35e9047373 sp=0x00007f35e1f27e80 mode 0
Event: 102.877 Thread 0x00007f35f8163800 DEOPT PACKING pc=0x00007f35e9364c50 sp=0x00007f35e1f27f50
Event: 102.877 Thread 0x00007f35f8163800 DEOPT UNPACKING pc=0x00007f35e9047373 sp=0x00007f35e1f27c80 mode 0
Event: 102.917 Thread 0x00007f35f8163800 DEOPT PACKING pc=0x00007f35e939d5ec sp=0x00007f35e1f28130
Event: 102.917 Thread 0x00007f35f8163800 DEOPT UNPACKING pc=0x00007f35e9047373 sp=0x00007f35e1f27e30 mode 0
Event: 103.040 Thread 0x00007f35f8163800 DEOPT PACKING pc=0x00007f35e93a0226 sp=0x00007f35e1f27f30
Event: 103.040 Thread 0x00007f35f8163800 DEOPT UNPACKING pc=0x00007f35e9047373 sp=0x00007f35e1f27cd0 mode 0
Event: 103.104 Thread 0x00007f35f8163800 DEOPT PACKING pc=0x00007f35e92fb7b7 sp=0x00007f35e1f27cb0
Event: 103.104 Thread 0x00007f35f8163800 DEOPT UNPACKING pc=0x00007f35e9047373 sp=0x00007f35e1f27a40 mode 0
Event: 103.199 Executing VM operation: ParallelGCFailedAllocation


Dynamic libraries:
00400000-00401000 r-xp 00000000 08:02 2363807                            /usr/local/android-studio/jre/bin/java
00600000-00601000 r--p 00000000 08:02 2363807                            /usr/local/android-studio/jre/bin/java
00601000-00602000 rw-p 00001000 08:02 2363807                            /usr/local/android-studio/jre/bin/java
007b5000-007d6000 rw-p 00000000 00:00 0                                  [heap]
c0000000-c2980000 rw-p 00000000 00:00 0 
c4680000-eab00000 ---p 00000000 00:00 0 
eab00000-f9f00000 rw-p 00000000 00:00 0 
f9f00000-100000000 ---p 00000000 00:00 0 
100000000-1000a0000 rw-p 00000000 00:00 0 
1000a0000-140000000 ---p 00000000 00:00 0 
7f3594000000-7f359402c000 rw-p 00000000 00:00 0 
7f359402c000-7f3598000000 ---p 00000000 00:00 0 
7f359c000000-7f359c021000 rw-p 00000000 00:00 0 
7f359c021000-7f35a0000000 ---p 00000000 00:00 0 
7f35a0000000-7f35a003b000 rw-p 00000000 00:00 0 
7f35a003b000-7f35a4000000 ---p 00000000 00:00 0 
7f35a4000000-7f35a4045000 rw-p 00000000 00:00 0 
7f35a4045000-7f35a8000000 ---p 00000000 00:00 0 
7f35a8000000-7f35a8021000 rw-p 00000000 00:00 0 
7f35a8021000-7f35ac000000 ---p 00000000 00:00 0 
7f35ac000000-7f35ac021000 rw-p 00000000 00:00 0 
7f35ac021000-7f35b0000000 ---p 00000000 00:00 0 
7f35b0000000-7f35b0021000 rw-p 00000000 00:00 0 
7f35b0021000-7f35b4000000 ---p 00000000 00:00 0 
7f35b4000000-7f35b4940000 rw-p 00000000 00:00 0 
7f35b4940000-7f35b8000000 ---p 00000000 00:00 0 
7f35b8000000-7f35b8c7f000 rw-p 00000000 00:00 0 
7f35b8c7f000-7f35bc000000 ---p 00000000 00:00 0 
7f35bc000000-7f35bc021000 rw-p 00000000 00:00 0 
7f35bc021000-7f35c0000000 ---p 00000000 00:00 0 
7f35c0000000-7f35c0c88000 rw-p 00000000 00:00 0 
7f35c0c88000-7f35c4000000 ---p 00000000 00:00 0 
7f35c4000000-7f35c4021000 rw-p 00000000 00:00 0 
7f35c4021000-7f35c8000000 ---p 00000000 00:00 0 
7f35c8000000-7f35c8021000 rw-p 00000000 00:00 0 
7f35c8021000-7f35cc000000 ---p 00000000 00:00 0 
7f35cc000000-7f35cc021000 rw-p 00000000 00:00 0 
7f35cc021000-7f35d0000000 ---p 00000000 00:00 0 
7f35d0000000-7f35d027f000 rw-p 00000000 00:00 0 
7f35d027f000-7f35d4000000 ---p 00000000 00:00 0 
7f35d4000000-7f35d4021000 rw-p 00000000 00:00 0 
7f35d4021000-7f35d8000000 ---p 00000000 00:00 0 
7f35dc000000-7f35dc021000 rw-p 00000000 00:00 0 
7f35dc021000-7f35e0000000 ---p 00000000 00:00 0 
7f35e1e29000-7f35e1e2c000 ---p 00000000 00:00 0 
7f35e1e2c000-7f35e1f2a000 rw-p 00000000 00:00 0 
7f35e1f2a000-7f35e1f2d000 ---p 00000000 00:00 0 
7f35e1f2d000-7f35e202b000 rw-p 00000000 00:00 0 
7f35e202b000-7f35e202e000 ---p 00000000 00:00 0 
7f35e202e000-7f35e212c000 rw-p 00000000 00:00 0 
7f35e212c000-7f35e212f000 ---p 00000000 00:00 0 
7f35e212f000-7f35e222d000 rw-p 00000000 00:00 0 
7f35e222d000-7f35e2230000 ---p 00000000 00:00 0 
7f35e2230000-7f35e232e000 rw-p 00000000 00:00 0 
7f35e232e000-7f35e232f000 ---p 00000000 00:00 0 
7f35e232f000-7f35e242f000 rw-p 00000000 00:00 0 
7f35e242f000-7f35e2432000 ---p 00000000 00:00 0 
7f35e2432000-7f35e2530000 rw-p 00000000 00:00 0 
7f35e2530000-7f35e2533000 ---p 00000000 00:00 0 
7f35e2533000-7f35e2631000 rw-p 00000000 00:00 0 
7f35e2631000-7f35e2634000 ---p 00000000 00:00 0 
7f35e2634000-7f35e2732000 rw-p 00000000 00:00 0 
7f35e2732000-7f35e2735000 ---p 00000000 00:00 0 
7f35e2735000-7f35e2833000 rw-p 00000000 00:00 0 
7f35e2833000-7f35e2836000 ---p 00000000 00:00 0 
7f35e2836000-7f35e2934000 rw-p 00000000 00:00 0 
7f35e2934000-7f35e32f3000 r--p 00000000 08:02 5905565                    /usr/lib/locale/locale-archive
7f35e32f3000-7f35e32f6000 ---p 00000000 00:00 0 
7f35e32f6000-7f35e33f4000 rw-p 00000000 00:00 0 
7f35e33f4000-7f35e33f7000 ---p 00000000 00:00 0 
7f35e33f7000-7f35e34f5000 rw-p 00000000 00:00 0 
7f35e34f5000-7f35e34f6000 ---p 00000000 00:00 0 
7f35e34f6000-7f35e4000000 rw-p 00000000 00:00 0 
7f35e4000000-7f35e4021000 rw-p 00000000 00:00 0 
7f35e4021000-7f35e8000000 ---p 00000000 00:00 0 
7f35e806c000-7f35e807e000 r--s 000c6000 08:02 2757910                    /home/andy/Downloads/SmokingMQP/wear/build/intermediates/exploded-aar/com.android.support/support-v4/22.2.0/jars/classes.jar
7f35e807e000-7f35e8633000 rw-p 00000000 00:00 0 
7f35e8633000-7f35e8800000 r--s 03bec000 08:02 2363864                    /usr/local/android-studio/jre/jre/lib/rt.jar
7f35e8800000-7f35e8e80000 rw-p 00000000 00:00 0 
7f35e8e80000-7f35e9000000 ---p 00000000 00:00 0 
7f35e9000000-7f35e9710000 rwxp 00000000 00:00 0 
7f35e9710000-7f35f8000000 ---p 00000000 00:00 0 
7f35f8000000-7f35f83a0000 rw-p 00000000 00:00 0 
7f35f83a0000-7f35fc000000 ---p 00000000 00:00 0 
7f35fc00e000-7f35fe284000 rw-p 00000000 00:00 0 
7f35fe284000-7f35fe285000 ---p 00000000 00:00 0 
7f35fe285000-7f35fe385000 rw-p 00000000 00:00 0 
7f35fe385000-7f35fe386000 ---p 00000000 00:00 0 
7f35fe386000-7f35fe486000 rw-p 00000000 00:00 0 
7f35fe486000-7f35fe487000 ---p 00000000 00:00 0 
7f35fe487000-7f35fe587000 rw-p 00000000 00:00 0 
7f35fe587000-7f35fe588000 ---p 00000000 00:00 0 
7f35fe588000-7f35fe69d000 rw-p 00000000 00:00 0 
7f35fe69d000-7f35fe7de000 ---p 00000000 00:00 0 
7f35fe7de000-7f35fe7f3000 rw-p 00000000 00:00 0 
7f35fe7f3000-7f35fe933000 ---p 00000000 00:00 0 
7f35fe933000-7f35fe9ae000 rw-p 00000000 00:00 0 
7f35fe9ae000-7f35fe9de000 ---p 00000000 00:00 0 
7f35fe9de000-7f35fe9fc000 rw-p 00000000 00:00 0 
7f35fe9fc000-7f35fed9f000 ---p 00000000 00:00 0 
7f35fed9f000-7f35fedb9000 r-xp 00000000 08:02 2363891                    /usr/local/android-studio/jre/jre/lib/amd64/libzip.so
7f35fedb9000-7f35fefb9000 ---p 0001a000 08:02 2363891                    /usr/local/android-studio/jre/jre/lib/amd64/libzip.so
7f35fefb9000-7f35fefba000 r--p 0001a000 08:02 2363891                    /usr/local/android-studio/jre/jre/lib/amd64/libzip.so
7f35fefba000-7f35fefbb000 rw-p 0001b000 08:02 2363891                    /usr/local/android-studio/jre/jre/lib/amd64/libzip.so
7f35fefbb000-7f35fefc6000 r-xp 00000000 08:02 135748                     /lib/x86_64-linux-gnu/libnss_files-2.23.so
7f35fefc6000-7f35ff1c5000 ---p 0000b000 08:02 135748                     /lib/x86_64-linux-gnu/libnss_files-2.23.so
7f35ff1c5000-7f35ff1c6000 r--p 0000a000 08:02 135748                     /lib/x86_64-linux-gnu/libnss_files-2.23.so
7f35ff1c6000-7f35ff1c7000 rw-p 0000b000 08:02 135748                     /lib/x86_64-linux-gnu/libnss_files-2.23.so
7f35ff1c7000-7f35ff1cd000 rw-p 00000000 00:00 0 
7f35ff1cd000-7f35ff1d8000 r-xp 00000000 08:02 135758                     /lib/x86_64-linux-gnu/libnss_nis-2.23.so
7f35ff1d8000-7f35ff3d7000 ---p 0000b000 08:02 135758                     /lib/x86_64-linux-gnu/libnss_nis-2.23.so
7f35ff3d7000-7f35ff3d8000 r--p 0000a000 08:02 135758                     /lib/x86_64-linux-gnu/libnss_nis-2.23.so
7f35ff3d8000-7f35ff3d9000 rw-p 0000b000 08:02 135758                     /lib/x86_64-linux-gnu/libnss_nis-2.23.so
7f35ff3d9000-7f35ff3ef000 r-xp 00000000 08:02 135742                     /lib/x86_64-linux-gnu/libnsl-2.23.so
7f35ff3ef000-7f35ff5ee000 ---p 00016000 08:02 135742                     /lib/x86_64-linux-gnu/libnsl-2.23.so
7f35ff5ee000-7f35ff5ef000 r--p 00015000 08:02 135742                     /lib/x86_64-linux-gnu/libnsl-2.23.so
7f35ff5ef000-7f35ff5f0000 rw-p 00016000 08:02 135742                     /lib/x86_64-linux-gnu/libnsl-2.23.so
7f35ff5f0000-7f35ff5f2000 rw-p 00000000 00:00 0 
7f35ff5f2000-7f35ff5fa000 r-xp 00000000 08:02 135744                     /lib/x86_64-linux-gnu/libnss_compat-2.23.so
7f35ff5fa000-7f35ff7f9000 ---p 00008000 08:02 135744                     /lib/x86_64-linux-gnu/libnss_compat-2.23.so
7f35ff7f9000-7f35ff7fa000 r--p 00007000 08:02 135744                     /lib/x86_64-linux-gnu/libnss_compat-2.23.so
7f35ff7fa000-7f35ff7fb000 rw-p 00008000 08:02 135744                     /lib/x86_64-linux-gnu/libnss_compat-2.23.so
7f35ff7fb000-7f35ff828000 r-xp 00000000 08:02 2363901                    /usr/local/android-studio/jre/jre/lib/amd64/libjava.so
7f35ff828000-7f35ffa27000 ---p 0002d000 08:02 2363901                    /usr/local/android-studio/jre/jre/lib/amd64/libjava.so
7f35ffa27000-7f35ffa28000 r--p 0002c000 08:02 2363901                    /usr/local/android-studio/jre/jre/lib/amd64/libjava.so
7f35ffa28000-7f35ffa2a000 rw-p 0002d000 08:02 2363901                    /usr/local/android-studio/jre/jre/lib/amd64/libjava.so
7f35ffa2a000-7f35ffa3a000 r-xp 00000000 08:02 2363917                    /usr/local/android-studio/jre/jre/lib/amd64/libverify.so
7f35ffa3a000-7f35ffc39000 ---p 00010000 08:02 2363917                    /usr/local/android-studio/jre/jre/lib/amd64/libverify.so
7f35ffc39000-7f35ffc3b000 r--p 0000f000 08:02 2363917                    /usr/local/android-studio/jre/jre/lib/amd64/libverify.so
7f35ffc3b000-7f35ffc3c000 rw-p 00011000 08:02 2363917                    /usr/local/android-studio/jre/jre/lib/amd64/libverify.so
7f35ffc3c000-7f35ffc43000 r-xp 00000000 08:02 135803                     /lib/x86_64-linux-gnu/librt-2.23.so
7f35ffc43000-7f35ffe42000 ---p 00007000 08:02 135803                     /lib/x86_64-linux-gnu/librt-2.23.so
7f35ffe42000-7f35ffe43000 r--p 00006000 08:02 135803                     /lib/x86_64-linux-gnu/librt-2.23.so
7f35ffe43000-7f35ffe44000 rw-p 00007000 08:02 135803                     /lib/x86_64-linux-gnu/librt-2.23.so
7f35ffe44000-7f35fff4c000 r-xp 00000000 08:02 135719                     /lib/x86_64-linux-gnu/libm-2.23.so
7f35fff4c000-7f360014b000 ---p 00108000 08:02 135719                     /lib/x86_64-linux-gnu/libm-2.23.so
7f360014b000-7f360014c000 r--p 00107000 08:02 135719                     /lib/x86_64-linux-gnu/libm-2.23.so
7f360014c000-7f360014d000 rw-p 00108000 08:02 135719                     /lib/x86_64-linux-gnu/libm-2.23.so
7f360014d000-7f3600d33000 r-xp 00000000 08:02 2363921                    /usr/local/android-studio/jre/jre/lib/amd64/server/libjvm.so
7f3600d33000-7f3600f33000 ---p 00be6000 08:02 2363921                    /usr/local/android-studio/jre/jre/lib/amd64/server/libjvm.so
7f3600f33000-7f3600fd2000 r--p 00be6000 08:02 2363921                    /usr/local/android-studio/jre/jre/lib/amd64/server/libjvm.so
7f3600fd2000-7f3600ffb000 rw-p 00c85000 08:02 2363921                    /usr/local/android-studio/jre/jre/lib/amd64/server/libjvm.so
7f3600ffb000-7f360103d000 rw-p 00000000 00:00 0 
7f360103d000-7f3601055000 r-xp 00000000 08:02 135795                     /lib/x86_64-linux-gnu/libpthread-2.23.so
7f3601055000-7f3601254000 ---p 00018000 08:02 135795                     /lib/x86_64-linux-gnu/libpthread-2.23.so
7f3601254000-7f3601255000 r--p 00017000 08:02 135795                     /lib/x86_64-linux-gnu/libpthread-2.23.so
7f3601255000-7f3601256000 rw-p 00018000 08:02 135795                     /lib/x86_64-linux-gnu/libpthread-2.23.so
7f3601256000-7f360125a000 rw-p 00000000 00:00 0 
7f360125a000-7f360125d000 r-xp 00000000 08:02 135673                     /lib/x86_64-linux-gnu/libdl-2.23.so
7f360125d000-7f360145c000 ---p 00003000 08:02 135673                     /lib/x86_64-linux-gnu/libdl-2.23.so
7f360145c000-7f360145d000 r--p 00002000 08:02 135673                     /lib/x86_64-linux-gnu/libdl-2.23.so
7f360145d000-7f360145e000 rw-p 00003000 08:02 135673                     /lib/x86_64-linux-gnu/libdl-2.23.so
7f360145e000-7f360161e000 r-xp 00000000 08:02 135649                     /lib/x86_64-linux-gnu/libc-2.23.so
7f360161e000-7f360181d000 ---p 001c0000 08:02 135649                     /lib/x86_64-linux-gnu/libc-2.23.so
7f360181d000-7f3601821000 r--p 001bf000 08:02 135649                     /lib/x86_64-linux-gnu/libc-2.23.so
7f3601821000-7f3601823000 rw-p 001c3000 08:02 135649                     /lib/x86_64-linux-gnu/libc-2.23.so
7f3601823000-7f3601827000 rw-p 00000000 00:00 0 
7f3601827000-7f360183d000 r-xp 00000000 08:02 2363781                    /usr/local/android-studio/jre/lib/amd64/jli/libjli.so
7f360183d000-7f3601a3c000 ---p 00016000 08:02 2363781                    /usr/local/android-studio/jre/lib/amd64/jli/libjli.so
7f3601a3c000-7f3601a3d000 r--p 00015000 08:02 2363781                    /usr/local/android-studio/jre/lib/amd64/jli/libjli.so
7f3601a3d000-7f3601a3e000 rw-p 00016000 08:02 2363781                    /usr/local/android-studio/jre/lib/amd64/jli/libjli.so
7f3601a3e000-7f3601a64000 r-xp 00000000 08:02 135621                     /lib/x86_64-linux-gnu/ld-2.23.so
7f3601a68000-7f3601b41000 rw-p 00000000 00:00 0 
7f3601b41000-7f3601b44000 ---p 00000000 00:00 0 
7f3601b44000-7f3601c46000 rw-p 00000000 00:00 0 
7f3601c48000-7f3601c57000 r--s 000df000 08:02 5647073                    /home/andy/Android/Sdk/build-tools/23.0.2/lib/dx.jar
7f3601c57000-7f3601c5f000 rw-s 00000000 08:02 5249473                    /tmp/hsperfdata_andy/2459
7f3601c5f000-7f3601c60000 rw-p 00000000 00:00 0 
7f3601c60000-7f3601c61000 ---p 00000000 00:00 0 
7f3601c61000-7f3601c63000 rw-p 00000000 00:00 0 
7f3601c63000-7f3601c64000 r--p 00025000 08:02 135621                     /lib/x86_64-linux-gnu/ld-2.23.so
7f3601c64000-7f3601c65000 rw-p 00026000 08:02 135621                     /lib/x86_64-linux-gnu/ld-2.23.so
7f3601c65000-7f3601c66000 rw-p 00000000 00:00 0 
7ffd1d2ba000-7ffd1d2db000 rw-p 00000000 00:00 0                          [stack]
7ffd1d307000-7ffd1d309000 r--p 00000000 00:00 0                          [vvar]
7ffd1d309000-7ffd1d30b000 r-xp 00000000 00:00 0                          [vdso]
ffffffffff600000-ffffffffff601000 r-xp 00000000 00:00 0                  [vsyscall]

VM Arguments:
jvm_args: -Djava.awt.headless=true -Xmx1024M -Dfile.encoding=UTF-8 -Duser.country=US -Duser.language=en -Duser.variant 
java_command: com.android.dx.command.Main --dex --force-jumbo --num-threads=4 --multi-dex --output /home/andy/Downloads/SmokingMQP/wear/build/intermediates/transforms/dex/debug/folders/1000/10/com.android.support-support-v4-22.2.0_14f94bf57f3d142a3f6ef2cbaaf7552c167a3e60 /home/andy/Downloads/SmokingMQP/wear/build/intermediates/exploded-aar/com.android.support/support-v4/22.2.0/jars/classes.jar
java_class_path (initial): /home/andy/Android/Sdk/build-tools/23.0.2/lib/dx.jar
Launcher Type: SUN_STANDARD

Environment Variables:
PATH=/usr/local/sbin:/usr/local/bin:/usr/sbin:/usr/bin:/sbin:/bin:/usr/games:/usr/local/games:/snap/bin
LD_LIBRARY_PATH=.:
SHELL=/bin/bash
DISPLAY=:0

Signal Handlers:
SIGSEGV: [libjvm.so+0x9daac0], sa_mask[0]=11111111011111111101111111111110, sa_flags=SA_RESTART|SA_SIGINFO
SIGBUS: [libjvm.so+0x9daac0], sa_mask[0]=11111111011111111101111111111110, sa_flags=SA_RESTART|SA_SIGINFO
SIGFPE: [libjvm.so+0x840d90], sa_mask[0]=11111111011111111101111111111110, sa_flags=SA_RESTART|SA_SIGINFO
SIGPIPE: [libjvm.so+0x840d90], sa_mask[0]=11111111011111111101111111111110, sa_flags=SA_RESTART|SA_SIGINFO
SIGXFSZ: [libjvm.so+0x840d90], sa_mask[0]=11111111011111111101111111111110, sa_flags=SA_RESTART|SA_SIGINFO
SIGILL: [libjvm.so+0x840d90], sa_mask[0]=11111111011111111101111111111110, sa_flags=SA_RESTART|SA_SIGINFO
SIGUSR1: SIG_DFL, sa_mask[0]=00000000000000000000000000000000, sa_flags=none
SIGUSR2: [libjvm.so+0x840c60], sa_mask[0]=00100000000000000000000000000000, sa_flags=SA_RESTART|SA_SIGINFO
SIGHUP: [libjvm.so+0x840e50], sa_mask[0]=11111111011111111101111111111110, sa_flags=SA_RESTART|SA_SIGINFO
SIGINT: [libjvm.so+0x840e50], sa_mask[0]=11111111011111111101111111111110, sa_flags=SA_RESTART|SA_SIGINFO
SIGTERM: [libjvm.so+0x840e50], sa_mask[0]=11111111011111111101111111111110, sa_flags=SA_RESTART|SA_SIGINFO
SIGQUIT: [libjvm.so+0x840e50], sa_mask[0]=11111111011111111101111111111110, sa_flags=SA_RESTART|SA_SIGINFO


---------------  S Y S T E M  ---------------

OS:DISTRIB_ID=Ubuntu
DISTRIB_RELEASE=16.04
DISTRIB_CODENAME=xenial
DISTRIB_DESCRIPTION="Ubuntu 16.04.1 LTS"

uname:Linux 4.4.0-31-generic #50-Ubuntu SMP Wed Jul 13 00:07:12 UTC 2016 x86_64
libc:glibc 2.23 NPTL 2.23 
rlimit: STACK 8192k, CORE 0k, NPROC 14037, NOFILE 65536, AS infinity
load average:37.51 15.55 6.37

/proc/meminfo:
MemTotal:        3949348 kB
MemFree:          195520 kB
MemAvailable:     123728 kB
Buffers:            6136 kB
Cached:           255840 kB
SwapCached:         4272 kB
Active:          2676440 kB
Inactive:         831316 kB
Active(anon):    2648780 kB
Inactive(anon):   804612 kB
Active(file):      27660 kB
Inactive(file):    26704 kB
Unevictable:         560 kB
Mlocked:             560 kB
SwapTotal:       4097020 kB
SwapFree:          14796 kB
Dirty:                96 kB
Writeback:           888 kB
AnonPages:       3243320 kB
Mapped:            39400 kB
Shmem:            207216 kB
Slab:              94188 kB
SReclaimable:      38704 kB
SUnreclaim:        55484 kB
KernelStack:       17680 kB
PageTables:        73964 kB
NFS_Unstable:          0 kB
Bounce:                0 kB
WritebackTmp:          0 kB
CommitLimit:     6071692 kB
Committed_AS:   16393320 kB
VmallocTotal:   34359738367 kB
VmallocUsed:           0 kB
VmallocChunk:          0 kB
HardwareCorrupted:     0 kB
AnonHugePages:    509952 kB
CmaTotal:              0 kB
CmaFree:               0 kB
HugePages_Total:       0
HugePages_Free:        0
HugePages_Rsvd:        0
HugePages_Surp:        0
Hugepagesize:       2048 kB
DirectMap4k:      261288 kB
DirectMap2M:     3835904 kB
DirectMap1G:           0 kB


CPU:total 4 (2 cores per cpu, 2 threads per core) family 6 model 61 stepping 4, cmov, cx8, fxsr, mmx, sse, sse2, sse3, ssse3, sse4.1, sse4.2, popcnt, avx, avx2, aes, clmul, erms, 3dnowpref, lzcnt, ht, tsc, tscinvbit, bmi1, bmi2, adx

/proc/cpuinfo:
processor	: 0
vendor_id	: GenuineIntel
cpu family	: 6
model		: 61
model name	: Intel(R) Core(TM) i5-5200U CPU @ 2.20GHz
stepping	: 4
microcode	: 0x1f
cpu MHz		: 2499.921
cache size	: 3072 KB
physical id	: 0
siblings	: 4
core id		: 0
cpu cores	: 2
apicid		: 0
initial apicid	: 0
fpu		: yes
fpu_exception	: yes
cpuid level	: 20
wp		: yes
flags		: fpu vme de pse tsc msr pae mce cx8 apic sep mtrr pge mca cmov pat pse36 clflush dts acpi mmx fxsr sse sse2 ss ht tm pbe syscall nx pdpe1gb rdtscp lm constant_tsc arch_perfmon pebs bts rep_good nopl xtopology nonstop_tsc aperfmperf eagerfpu pni pclmulqdq dtes64 monitor ds_cpl vmx est tm2 ssse3 sdbg fma cx16 xtpr pdcm pcid sse4_1 sse4_2 x2apic movbe popcnt tsc_deadline_timer aes xsave avx f16c rdrand lahf_lm abm 3dnowprefetch epb intel_pt tpr_shadow vnmi flexpriority ept vpid fsgsbase tsc_adjust bmi1 avx2 smep bmi2 erms invpcid rdseed adx smap xsaveopt dtherm ida arat pln pts
bugs		:
bogomips	: 4389.79
clflush size	: 64
cache_alignment	: 64
address sizes	: 39 bits physical, 48 bits virtual
power management:

processor	: 1
vendor_id	: GenuineIntel
cpu family	: 6
model		: 61
model name	: Intel(R) Core(TM) i5-5200U CPU @ 2.20GHz
stepping	: 4
microcode	: 0x1f
cpu MHz		: 2499.921
cache size	: 3072 KB
physical id	: 0
siblings	: 4
core id		: 1
cpu cores	: 2
apicid		: 2
initial apicid	: 2
fpu		: yes
fpu_exception	: yes
cpuid level	: 20
wp		: yes
flags		: fpu vme de pse tsc msr pae mce cx8 apic sep mtrr pge mca cmov pat pse36 clflush dts acpi mmx fxsr sse sse2 ss ht tm pbe syscall nx pdpe1gb rdtscp lm constant_tsc arch_perfmon pebs bts rep_good nopl xtopology nonstop_tsc aperfmperf eagerfpu pni pclmulqdq dtes64 monitor ds_cpl vmx est tm2 ssse3 sdbg fma cx16 xtpr pdcm pcid sse4_1 sse4_2 x2apic movbe popcnt tsc_deadline_timer aes xsave avx f16c rdrand lahf_lm abm 3dnowprefetch epb intel_pt tpr_shadow vnmi flexpriority ept vpid fsgsbase tsc_adjust bmi1 avx2 smep bmi2 erms invpcid rdseed adx smap xsaveopt dtherm ida arat pln pts
bugs		:
bogomips	: 4389.79
clflush size	: 64
cache_alignment	: 64
address sizes	: 39 bits physical, 48 bits virtual
power management:

processor	: 2
vendor_id	: GenuineIntel
cpu family	: 6
model		: 61
model name	: Intel(R) Core(TM) i5-5200U CPU @ 2.20GHz
stepping	: 4
microcode	: 0x1f
cpu MHz		: 2499.921
cache size	: 3072 KB
physical id	: 0
siblings	: 4
core id		: 0
cpu cores	: 2
apicid		: 1
initial apicid	: 1
fpu		: yes
fpu_exception	: yes
cpuid level	: 20
wp		: yes
flags		: fpu vme de pse tsc msr pae mce cx8 apic sep mtrr pge mca cmov pat pse36 clflush dts acpi mmx fxsr sse sse2 ss ht tm pbe syscall nx pdpe1gb rdtscp lm constant_tsc arch_perfmon pebs bts rep_good nopl xtopology nonstop_tsc aperfmperf eagerfpu pni pclmulqdq dtes64 monitor ds_cpl vmx est tm2 ssse3 sdbg fma cx16 xtpr pdcm pcid sse4_1 sse4_2 x2apic movbe popcnt tsc_deadline_timer aes xsave avx f16c rdrand lahf_lm abm 3dnowprefetch epb intel_pt tpr_shadow vnmi flexpriority ept vpid fsgsbase tsc_adjust bmi1 avx2 smep bmi2 erms invpcid rdseed adx smap xsaveopt dtherm ida arat pln pts
bugs		:
bogomips	: 4389.79
clflush size	: 64
cache_alignment	: 64
address sizes	: 39 bits physical, 48 bits virtual
power management:

processor	: 3
vendor_id	: GenuineIntel
cpu family	: 6
model		: 61
model name	: Intel(R) Core(TM) i5-5200U CPU @ 2.20GHz
stepping	: 4
microcode	: 0x1f
cpu MHz		: 2499.921
cache size	: 3072 KB
physical id	: 0
siblings	: 4
core id		: 1
cpu cores	: 2
apicid		: 3
initial apicid	: 3
fpu		: yes
fpu_exception	: yes
cpuid level	: 20
wp		: yes
flags		: fpu vme de pse tsc msr pae mce cx8 apic sep mtrr pge mca cmov pat pse36 clflush dts acpi mmx fxsr sse sse2 ss ht tm pbe syscall nx pdpe1gb rdtscp lm constant_tsc arch_perfmon pebs bts rep_good nopl xtopology nonstop_tsc aperfmperf eagerfpu pni pclmulqdq dtes64 monitor ds_cpl vmx est tm2 ssse3 sdbg fma cx16 xtpr pdcm pcid sse4_1 sse4_2 x2apic movbe popcnt tsc_deadline_timer aes xsave avx f16c rdrand lahf_lm abm 3dnowprefetch epb intel_pt tpr_shadow vnmi flexpriority ept vpid fsgsbase tsc_adjust bmi1 avx2 smep bmi2 erms invpcid rdseed adx smap xsaveopt dtherm ida arat pln pts
bugs		:
bogomips	: 4389.79
clflush size	: 64
cache_alignment	: 64
address sizes	: 39 bits physical, 48 bits virtual
power management:



Memory: 4k page, physical 3949348k(195520k free), swap 4097020k(14796k free)

vm_info: OpenJDK 64-Bit Server VM (25.76-b03) for linux-amd64 JRE (1.8.0_76-release-b03), built on Jun 29 2016 09:39:19 by "builder" with gcc 4.8.4

time: Tue Oct  4 13:58:48 2016
elapsed time: 115 seconds (0d 0h 1m 55s)

